<?xml version="1.0" encoding="UTF-8"?>
<!-- Generated by org.testng.reporters.JUnitXMLReporter -->
<testsuite hostname="TYSS" ignored="1" name="Default test" tests="1" failures="0" timestamp="19 Jun 2019 03:19:19 GMT" time="24.253" errors="0">
  <testcase name="testListBoxSorted" time="10.281" classname="scripts.TestScripts"/>
  <testcase name="testCreateEmployee" time="0.0" classname="scripts.TestScripts">
    <ignored/>
  </testcase> <!-- testCreateEmployee -->
</testsuite> <!-- Default test -->
