<?xml version="1.0" encoding="UTF-8"?>
<testng-results skipped="0" failed="0" ignored="1" total="2" passed="1">
  <reporter-output>
    <line>
      <![CDATA[Title is matchingOrangeHRM]]>
    </line>
    <line>
      <![CDATA[List box is sorted]]>
    </line>
  </reporter-output>
  <suite name="Suite" duration-ms="22771" started-at="2019-06-20T03:03:40Z" finished-at="2019-06-20T03:04:03Z">
    <groups>
    </groups>
    <test name="Test" duration-ms="22771" started-at="2019-06-20T03:03:40Z" finished-at="2019-06-20T03:04:03Z">
      <class name="scripts.TestScripts">
        <test-method status="PASS" signature="preCondtion()[pri:0, instance:scripts.TestScripts@5bcab519]" name="preCondtion" is-config="true" duration-ms="8786" started-at="2019-06-20T03:03:40Z" finished-at="2019-06-20T03:03:49Z">
          <reporter-output>
          </reporter-output>
        </test-method> <!-- preCondtion -->
        <test-method status="PASS" signature="testListBoxSorted()[pri:0, instance:scripts.TestScripts@5bcab519]" name="testListBoxSorted" duration-ms="10674" started-at="2019-06-20T03:03:49Z" finished-at="2019-06-20T03:03:59Z">
          <reporter-output>
            <line>
              <![CDATA[Title is matchingOrangeHRM]]>
            </line>
            <line>
              <![CDATA[List box is sorted]]>
            </line>
          </reporter-output>
        </test-method> <!-- testListBoxSorted -->
        <test-method status="PASS" signature="postCondition()[pri:0, instance:scripts.TestScripts@5bcab519]" name="postCondition" is-config="true" duration-ms="3213" started-at="2019-06-20T03:03:59Z" finished-at="2019-06-20T03:04:03Z">
          <reporter-output>
          </reporter-output>
        </test-method> <!-- postCondition -->
      </class> <!-- scripts.TestScripts -->
    </test> <!-- Test -->
  </suite> <!-- Suite -->
</testng-results>
